Command line:
   VGA_Driver640x480_isim_beh.exe
     -simmode  gui
     -simrunnum  0
     -socket  50615

Thu Jan 30 16:03:19 2020


 Elaboration Time: 0.125 sec

 Current Memory Usage: 357.609 Meg

 Total Signals          : 21
 Total Nets             : 52
 Total Signal Drivers   : 10
 Total Blocks           : 2
 Total Primitive Blocks : 2
 Total Processes        : 12
 Total Traceable Variables  : 30
 Total Scalar Nets and Variables : 471
Total Line Count : 33

 Total Simulation Time: 0.203125 sec

 Current Memory Usage: 357.609 Meg

Thu Jan 30 16:03:42 2020

